<?xml version="1.0" encoding="UTF-8"?>
<testng-results ignored="0" total="1" passed="1" failed="0" skipped="0">
  <reporter-output>
  </reporter-output>
  <suite started-at="2025-10-05T20:54:46 IST" name="Suite" finished-at="2025-10-05T20:54:49 IST" duration-ms="2781">
    <groups>
    </groups>
    <test started-at="2025-10-05T20:54:46 IST" name="Test" finished-at="2025-10-05T20:54:49 IST" duration-ms="2781">
      <class name="Pkg_LoginPageTC.loginTC">
        <test-method is-config="true" signature="init(java.lang.String,java.lang.String)[pri:0, instance:Pkg_LoginPageTC.loginTC@710f4dc7]" started-at="2025-10-05T20:54:42 IST" name="init" finished-at="2025-10-05T20:54:46 IST" duration-ms="4008" status="PASS">
          <params>
            <param index="0">
              <value>
                <![CDATA[QA]]>
              </value>
            </param>
            <param index="1">
              <value>
                <![CDATA[Chrome]]>
              </value>
            </param>
          </params>
          <reporter-output>
          </reporter-output>
        </test-method> <!-- init -->
        <test-method signature="Login()[pri:0, instance:Pkg_LoginPageTC.loginTC@710f4dc7]" started-at="2025-10-05T20:54:46 IST" name="Login" finished-at="2025-10-05T20:54:49 IST" duration-ms="2701" status="PASS">
          <reporter-output>
          </reporter-output>
        </test-method> <!-- Login -->
      </class> <!-- Pkg_LoginPageTC.loginTC -->
    </test> <!-- Test -->
  </suite> <!-- Suite -->
</testng-results>
